app/app/build/intermediates/manifest_merge_blame_file/release/processReleaseMainManifest/manifest-merger-blame-release-report.txt
1<?xml version="1.0" encoding="utf-8"?>
2<manifest xmlns:android="http://schemas.android.com/apk/res/android"
3    package="com.barcostop.app"
4    android:versionCode="582605102"
5    android:versionName="58.2026.05.10-1004" >
6
7    <uses-sdk
8        android:minSdkVersion="21"
9        android:targetSdkVersion="35" />
10
11    <uses-permission android:name="android.permission.INTERNET" />
11-->src\main\AndroidManifest.xml:4:5-67
11-->src\main\AndroidManifest.xml:4:22-64
12
13    <permission
13-->[androidx.core:core:1.13.0] AndroidManifest.xml:22:5-24:47
14        android:name="com.barcostop.app.DYNAMIC_RECEIVER_NOT_EXPORTED_PERMISSION"
14-->[androidx.core:core:1.13.0] AndroidManifest.xml:23:9-81
15        android:protectionLevel="signature" />
15-->[androidx.core:core:1.13.0] AndroidManifest.xml:24:9-44
16
17    <uses-permission android:name="com.barcostop.app.DYNAMIC_RECEIVER_NOT_EXPORTED_PERMISSION" />
17-->[androidx.core:core:1.13.0] AndroidManifest.xml:26:5-97
17-->[androidx.core:core:1.13.0] AndroidManifest.xml:26:22-94
18
19    <application
19-->src\main\AndroidManifest.xml:6:5-39:19
20        android:name="com.barcostop.app.core.BarcoStopApplication"
20-->src\main\AndroidManifest.xml:7:9-50
21        android:allowBackup="true"
21-->src\main\AndroidManifest.xml:8:9-35
22        android:appComponentFactory="androidx.core.app.CoreComponentFactory"
22-->[androidx.core:core:1.13.0] AndroidManifest.xml:28:18-86
23        android:extractNativeLibs="true"
24        android:icon="@mipmap/ic_launcher"
24-->src\main\AndroidManifest.xml:9:9-43
25        android:label="@string/app_name"
25-->src\main\AndroidManifest.xml:10:9-41
26        android:roundIcon="@mipmap/ic_launcher_round"
26-->src\main\AndroidManifest.xml:11:9-54
27        android:supportsRtl="true"
27-->src\main\AndroidManifest.xml:12:9-35
28        android:theme="@style/Theme.BarcoStop" >
28-->src\main\AndroidManifest.xml:13:9-47
29        <activity android:name="com.barcostop.app.ui.screens.MainAppActivity" />
29-->src\main\AndroidManifest.xml:14:9-64
29-->src\main\AndroidManifest.xml:14:19-61
30        <activity android:name="com.barcostop.app.ui.screens.UsersActivity" />
30-->src\main\AndroidManifest.xml:15:9-62
30-->src\main\AndroidManifest.xml:15:19-59
31        <activity android:name="com.barcostop.app.ui.screens.UserPublicProfileActivity" />
31-->src\main\AndroidManifest.xml:16:9-74
31-->src\main\AndroidManifest.xml:16:19-71
32        <activity android:name="com.barcostop.app.ui.screens.TripListActivity" />
32-->src\main\AndroidManifest.xml:17:9-65
32-->src\main\AndroidManifest.xml:17:19-62
33        <activity android:name="com.barcostop.app.ui.screens.EditTripActivity" />
33-->src\main\AndroidManifest.xml:18:9-65
33-->src\main\AndroidManifest.xml:18:19-62
34        <activity android:name="com.barcostop.app.ui.screens.TripDetailActivity" />
34-->src\main\AndroidManifest.xml:19:9-67
34-->src\main\AndroidManifest.xml:19:19-64
35        <activity android:name="com.barcostop.app.ui.screens.ReservationsActivity" />
35-->src\main\AndroidManifest.xml:20:9-69
35-->src\main\AndroidManifest.xml:20:19-66
36        <activity android:name="com.barcostop.app.ui.screens.ProfileActivity" />
36-->src\main\AndroidManifest.xml:21:9-64
36-->src\main\AndroidManifest.xml:21:19-61
37        <activity android:name="com.barcostop.app.ui.screens.PatronRequestsActivity" />
37-->src\main\AndroidManifest.xml:22:9-71
37-->src\main\AndroidManifest.xml:22:19-68
38        <activity android:name="com.barcostop.app.ui.screens.MessagesActivity" />
38-->src\main\AndroidManifest.xml:23:9-65
38-->src\main\AndroidManifest.xml:23:19-62
39        <activity android:name="com.barcostop.app.ui.screens.NewChatActivity" />
39-->src\main\AndroidManifest.xml:24:9-64
39-->src\main\AndroidManifest.xml:24:19-61
40        <activity android:name="com.barcostop.app.ui.screens.FavoritesActivity" />
40-->src\main\AndroidManifest.xml:25:9-66
40-->src\main\AndroidManifest.xml:25:19-63
41        <activity android:name="com.barcostop.app.ui.screens.CreateTripActivity" />
41-->src\main\AndroidManifest.xml:26:9-67
41-->src\main\AndroidManifest.xml:26:19-64
42        <activity android:name="com.barcostop.app.ui.screens.ChatActivity" />
42-->src\main\AndroidManifest.xml:27:9-61
42-->src\main\AndroidManifest.xml:27:19-58
43        <activity android:name="com.barcostop.app.ui.screens.BookingsActivity" />
43-->src\main\AndroidManifest.xml:28:9-65
43-->src\main\AndroidManifest.xml:28:19-62
44        <activity android:name="com.barcostop.app.ui.screens.BoatsActivity" />
44-->src\main\AndroidManifest.xml:29:9-62
44-->src\main\AndroidManifest.xml:29:19-59
45        <activity android:name="com.barcostop.app.ui.screens.AuthActivity" />
45-->src\main\AndroidManifest.xml:30:9-61
45-->src\main\AndroidManifest.xml:30:19-58
46        <activity
46-->src\main\AndroidManifest.xml:31:9-38:20
47            android:name="com.barcostop.app.ui.screens.HomeActivity"
47-->src\main\AndroidManifest.xml:32:13-52
48            android:exported="true" >
48-->src\main\AndroidManifest.xml:33:13-36
49            <intent-filter>
49-->src\main\AndroidManifest.xml:34:13-37:29
50                <action android:name="android.intent.action.MAIN" />
50-->src\main\AndroidManifest.xml:35:17-69
50-->src\main\AndroidManifest.xml:35:25-66
51
52                <category android:name="android.intent.category.LAUNCHER" />
52-->src\main\AndroidManifest.xml:36:17-77
52-->src\main\AndroidManifest.xml:36:27-74
53            </intent-filter>
54        </activity>
55        <activity
55-->[com.google.android.gms:play-services-auth:21.2.0] AndroidManifest.xml:23:9-27:75
56            android:name="com.google.android.gms.auth.api.signin.internal.SignInHubActivity"
56-->[com.google.android.gms:play-services-auth:21.2.0] AndroidManifest.xml:24:13-93
57            android:excludeFromRecents="true"
57-->[com.google.android.gms:play-services-auth:21.2.0] AndroidManifest.xml:25:13-46
58            android:exported="false"
58-->[com.google.android.gms:play-services-auth:21.2.0] AndroidManifest.xml:26:13-37
59            android:theme="@android:style/Theme.Translucent.NoTitleBar" />
59-->[com.google.android.gms:play-services-auth:21.2.0] AndroidManifest.xml:27:13-72
60        <!--
61            Service handling Google Sign-In user revocation. For apps that do not integrate with
62            Google Sign-In, this service will never be started.
63        -->
64        <service
64-->[com.google.android.gms:play-services-auth:21.2.0] AndroidManifest.xml:33:9-37:51
65            android:name="com.google.android.gms.auth.api.signin.RevocationBoundService"
65-->[com.google.android.gms:play-services-auth:21.2.0] AndroidManifest.xml:34:13-89
66            android:exported="true"
66-->[com.google.android.gms:play-services-auth:21.2.0] AndroidManifest.xml:35:13-36
67            android:permission="com.google.android.gms.auth.api.signin.permission.REVOCATION_NOTIFICATION"
67-->[com.google.android.gms:play-services-auth:21.2.0] AndroidManifest.xml:36:13-107
68            android:visibleToInstantApps="true" />
68-->[com.google.android.gms:play-services-auth:21.2.0] AndroidManifest.xml:37:13-48
69
70        <activity
70-->[com.google.android.gms:play-services-base:18.3.0] AndroidManifest.xml:20:9-22:45
71            android:name="com.google.android.gms.common.api.GoogleApiActivity"
71-->[com.google.android.gms:play-services-base:18.3.0] AndroidManifest.xml:20:19-85
72            android:exported="false"
72-->[com.google.android.gms:play-services-base:18.3.0] AndroidManifest.xml:22:19-43
73            android:theme="@android:style/Theme.Translucent.NoTitleBar" />
73-->[com.google.android.gms:play-services-base:18.3.0] AndroidManifest.xml:21:19-78
74
75        <meta-data
75-->[com.google.android.gms:play-services-basement:18.3.0] AndroidManifest.xml:21:9-23:69
76            android:name="com.google.android.gms.version"
76-->[com.google.android.gms:play-services-basement:18.3.0] AndroidManifest.xml:22:13-58
77            android:value="@integer/google_play_services_version" />
77-->[com.google.android.gms:play-services-basement:18.3.0] AndroidManifest.xml:23:13-66
78
79        <provider
79-->[androidx.emoji2:emoji2:1.3.0] AndroidManifest.xml:24:9-32:20
80            android:name="androidx.startup.InitializationProvider"
80-->[androidx.emoji2:emoji2:1.3.0] AndroidManifest.xml:25:13-67
81            android:authorities="com.barcostop.app.androidx-startup"
81-->[androidx.emoji2:emoji2:1.3.0] AndroidManifest.xml:26:13-68
82            android:exported="false" >
82-->[androidx.emoji2:emoji2:1.3.0] AndroidManifest.xml:27:13-37
83            <meta-data
83-->[androidx.emoji2:emoji2:1.3.0] AndroidManifest.xml:29:13-31:52
84                android:name="androidx.emoji2.text.EmojiCompatInitializer"
84-->[androidx.emoji2:emoji2:1.3.0] AndroidManifest.xml:30:17-75
85                android:value="androidx.startup" />
85-->[androidx.emoji2:emoji2:1.3.0] AndroidManifest.xml:31:17-49
86            <meta-data
86-->[androidx.lifecycle:lifecycle-process:2.6.2] AndroidManifest.xml:29:13-31:52
87                android:name="androidx.lifecycle.ProcessLifecycleInitializer"
87-->[androidx.lifecycle:lifecycle-process:2.6.2] AndroidManifest.xml:30:17-78
88                android:value="androidx.startup" />
88-->[androidx.lifecycle:lifecycle-process:2.6.2] AndroidManifest.xml:31:17-49
89            <meta-data
89-->[androidx.profileinstaller:profileinstaller:1.3.1] AndroidManifest.xml:29:13-31:52
90                android:name="androidx.profileinstaller.ProfileInstallerInitializer"
90-->[androidx.profileinstaller:profileinstaller:1.3.1] AndroidManifest.xml:30:17-85
91                android:value="androidx.startup" />
91-->[androidx.profileinstaller:profileinstaller:1.3.1] AndroidManifest.xml:31:17-49
92        </provider>
93
94        <receiver
94-->[androidx.profileinstaller:profileinstaller:1.3.1] AndroidManifest.xml:34:9-52:20
95            android:name="androidx.profileinstaller.ProfileInstallReceiver"
95-->[androidx.profileinstaller:profileinstaller:1.3.1] AndroidManifest.xml:35:13-76
96            android:directBootAware="false"
96-->[androidx.profileinstaller:profileinstaller:1.3.1] AndroidManifest.xml:36:13-44
97            android:enabled="true"
97-->[androidx.profileinstaller:profileinstaller:1.3.1] AndroidManifest.xml:37:13-35
98            android:exported="true"
98-->[androidx.profileinstaller:profileinstaller:1.3.1] AndroidManifest.xml:38:13-36
99            android:permission="android.permission.DUMP" >
99-->[androidx.profileinstaller:profileinstaller:1.3.1] AndroidManifest.xml:39:13-57
100            <intent-filter>
100-->[androidx.profileinstaller:profileinstaller:1.3.1] AndroidManifest.xml:40:13-42:29
101                <action android:name="androidx.profileinstaller.action.INSTALL_PROFILE" />
101-->[androidx.profileinstaller:profileinstaller:1.3.1] AndroidManifest.xml:41:17-91
101-->[androidx.profileinstaller:profileinstaller:1.3.1] AndroidManifest.xml:41:25-88
102            </intent-filter>
103            <intent-filter>
103-->[androidx.profileinstaller:profileinstaller:1.3.1] AndroidManifest.xml:43:13-45:29
104                <action android:name="androidx.profileinstaller.action.SKIP_FILE" />
104-->[androidx.profileinstaller:profileinstaller:1.3.1] AndroidManifest.xml:44:17-85
104-->[androidx.profileinstaller:profileinstaller:1.3.1] AndroidManifest.xml:44:25-82
105            </intent-filter>
106            <intent-filter>
106-->[androidx.profileinstaller:profileinstaller:1.3.1] AndroidManifest.xml:46:13-48:29
107                <action android:name="androidx.profileinstaller.action.SAVE_PROFILE" />
107-->[androidx.profileinstaller:profileinstaller:1.3.1] AndroidManifest.xml:47:17-88
107-->[androidx.profileinstaller:profileinstaller:1.3.1] AndroidManifest.xml:47:25-85
108            </intent-filter>
109            <intent-filter>
109-->[androidx.profileinstaller:profileinstaller:1.3.1] AndroidManifest.xml:49:13-51:29
110                <action android:name="androidx.profileinstaller.action.BENCHMARK_OPERATION" />
110-->[androidx.profileinstaller:profileinstaller:1.3.1] AndroidManifest.xml:50:17-95
110-->[androidx.profileinstaller:profileinstaller:1.3.1] AndroidManifest.xml:50:25-92
111            </intent-filter>
112        </receiver>
113    </application>
114
115</manifest>